<?xml version="1.0" encoding="UTF-8"?>
<testsuite name="TestSuite" time="3.436" tests="1" errors="0" skipped="0" failures="1">
  <properties>
[...]
</properties>
  <testcase name="loginTest" classname="com.inetbanking.testCases.TC_LoginTest_001" time="3.436">
    <failure type="java.lang.NullPointerException:">java.lang.NullPointerException: null
	at com.inetbanking.testCases.TC_LoginTest_001.loginTest(TC_LoginTest_001.java:23)
</failure>
    <system-err>Starting ChromeDriver 98.0.4758.80 (7f0488e8ba0d8e019187c6325a16c29d9b7f4989-refs/branch-heads/4758@{#972}) on port 41490
Only local connections are allowed.
Please see https://chromedriver.chromium.org/security-considerations for suggestions on keeping ChromeDriver safe.
ChromeDriver was started successfully.
Feb 26, 2022 11:26:59 PM org.openqa.selenium.remote.ProtocolHandshake createSession
INFO: Detected dialect: W3C
</system-err>
  </testcase>
</testsuite>