-------------------------------------------------------------------------------
Test set: TestSuite
-------------------------------------------------------------------------------
Tests run: 1, Failures: 1, Errors: 0, Skipped: 0, Time elapsed: 39.741 sec <<< FAILURE!
loginTest(com.inetbanking.testCases.TC_LoginTest_001)  Time elapsed: 3.436 sec  <<< FAILURE!
java.lang.NullPointerException: null
	at com.inetbanking.testCases.TC_LoginTest_001.loginTest(TC_LoginTest_001.java:23)

