<?xml version="1.0" encoding="UTF-8"?>
<!-- Generated by org.testng.reporters.JUnitXMLReporter -->
<testsuite hostname="japneeshs-MacBook-Air.local" ignored="0" name="Sanity" tests="1" failures="1" timestamp="27 Feb 2022 07:27:33 GMT" time="38.482" errors="0">
  <testcase name="loginTest" time="3.422" classname="com.inetbanking.testCases.TC_LoginTest_001">
    <failure type="java.lang.NullPointerException">
      <![CDATA[java.lang.NullPointerException
at com.inetbanking.testCases.TC_LoginTest_001.loginTest(TC_LoginTest_001.java:23)
... Removed 34 stack frames]]>
    </failure>
  </testcase> <!-- loginTest -->
</testsuite> <!-- Sanity -->
